# JRE version: OpenJDK Runtime Environment (8.0_212-b04) (build 1.8.0_212-b04)
# Java VM: OpenJDK 64-Bit Server VM (25.212-b04 mixed mode linux-amd64 )
Heap:
 PSYoungGen      total 780288K, used 23660K [0x00007f3f35000000, 0x00007f3f7d280000, 0x00007f4435000000)
  eden space 734720K, 3% used [0x00007f3f35000000,0x00007f3f3671b020,0x00007f3f61d80000)
  from space 45568K, 0% used [0x00007f3f7a600000,0x00007f3f7a600000,0x00007f3f7d280000)
  to   space 87040K, 0% used [0x00007f3f72880000,0x00007f3f72880000,0x00007f3f77d80000)
 ParOldGen       total 1361408K, used 45437K [0x00007f3535000000, 0x00007f3588180000, 0x00007f3f35000000)
  object space 1361408K, 3% used [0x00007f3535000000,0x00007f3537c5f438,0x00007f3588180000)
 Metaspace       used 35066K, capacity 35533K, committed 35672K, reserved 36864K
GC Heap History (8 events):
Event: 1.044 GC heap before
{Heap before GC invocations=1 (full 0):
 PSYoungGen      total 611840K, used 346371K [0x00007f3f35000000, 0x00007f3f5fa80000, 0x00007f4435000000)
  eden space 524800K, 66% used [0x00007f3f35000000,0x00007f3f4a240ff0,0x00007f3f55080000)
  from space 87040K, 0% used [0x00007f3f5a580000,0x00007f3f5a580000,0x00007f3f5fa80000)
  to   space 87040K, 0% used [0x00007f3f55080000,0x00007f3f55080000,0x00007f3f5a580000)
 ParOldGen       total 1398272K, used 0K [0x00007f3535000000, 0x00007f358a580000, 0x00007f3f35000000)
  object space 1398272K, 0% used [0x00007f3535000000,0x00007f3535000000,0x00007f358a580000)
 Metaspace       used 20903K, capacity 21242K, committed 21248K, reserved 22528K
Event: 1.204 GC heap after
Heap after GC invocations=1 (full 0):
 PSYoungGen      total 611840K, used 20573K [0x00007f3f35000000, 0x00007f3f7fb00000, 0x00007f4435000000)
  eden space 524800K, 0% used [0x00007f3f35000000,0x00007f3f35000000,0x00007f3f55080000)
  from space 87040K, 23% used [0x00007f3f55080000,0x00007f3f56497430,0x00007f3f5a580000)
  to   space 87040K, 0% used [0x00007f3f7a600000,0x00007f3f7a600000,0x00007f3f7fb00000)
 ParOldGen       total 1398272K, used 80K [0x00007f3535000000, 0x00007f358a580000, 0x00007f3f35000000)
  object space 1398272K, 0% used [0x00007f3535000000,0x00007f3535014018,0x00007f358a580000)
 Metaspace       used 20903K, capacity 21242K, committed 21248K, reserved 22528K
}
Event: 1.204 GC heap before
{Heap before GC invocations=2 (full 1):
 PSYoungGen      total 611840K, used 20573K [0x00007f3f35000000, 0x00007f3f7fb00000, 0x00007f4435000000)
  eden space 524800K, 0% used [0x00007f3f35000000,0x00007f3f35000000,0x00007f3f55080000)
  from space 87040K, 23% used [0x00007f3f55080000,0x00007f3f56497430,0x00007f3f5a580000)
  to   space 87040K, 0% used [0x00007f3f7a600000,0x00007f3f7a600000,0x00007f3f7fb00000)
 ParOldGen       total 1398272K, used 80K [0x00007f3535000000, 0x00007f358a580000, 0x00007f3f35000000)
  object space 1398272K, 0% used [0x00007f3535000000,0x00007f3535014018,0x00007f358a580000)
 Metaspace       used 20903K, capacity 21242K, committed 21248K, reserved 22528K
Event: 1.419 GC heap after
Heap after GC invocations=2 (full 1):
 PSYoungGen      total 611840K, used 0K [0x00007f3f35000000, 0x00007f3f7fb00000, 0x00007f4435000000)
  eden space 524800K, 0% used [0x00007f3f35000000,0x00007f3f35000000,0x00007f3f55080000)
  from space 87040K, 0% used [0x00007f3f55080000,0x00007f3f55080000,0x00007f3f5a580000)
  to   space 87040K, 0% used [0x00007f3f7a600000,0x00007f3f7a600000,0x00007f3f7fb00000)
 ParOldGen       total 823808K, used 17757K [0x00007f3535000000, 0x00007f3567480000, 0x00007f3f35000000)
  object space 823808K, 2% used [0x00007f3535000000,0x00007f35361575b0,0x00007f3567480000)
 Metaspace       used 20903K, capacity 21242K, committed 21248K, reserved 22528K
}
Event: 2.521 GC heap before
{Heap before GC invocations=3 (full 1):
 PSYoungGen      total 611840K, used 380448K [0x00007f3f35000000, 0x00007f3f7fb00000, 0x00007f4435000000)
  eden space 524800K, 72% used [0x00007f3f35000000,0x00007f3f4c3880d0,0x00007f3f55080000)
  from space 87040K, 0% used [0x00007f3f55080000,0x00007f3f55080000,0x00007f3f5a580000)
  to   space 87040K, 0% used [0x00007f3f7a600000,0x00007f3f7a600000,0x00007f3f7fb00000)
 ParOldGen       total 823808K, used 17757K [0x00007f3535000000, 0x00007f3567480000, 0x00007f3f35000000)
  object space 823808K, 2% used [0x00007f3535000000,0x00007f35361575b0,0x00007f3567480000)
 Metaspace       used 34828K, capacity 35277K, committed 35416K, reserved 36864K
Event: 2.625 GC heap after
Heap after GC invocations=3 (full 1):
 PSYoungGen      total 780288K, used 45311K [0x00007f3f35000000, 0x00007f3f7d280000, 0x00007f4435000000)
  eden space 734720K, 0% used [0x00007f3f35000000,0x00007f3f35000000,0x00007f3f61d80000)
  from space 45568K, 99% used [0x00007f3f7a600000,0x00007f3f7d23ffb8,0x00007f3f7d280000)
  to   space 87040K, 0% used [0x00007f3f72880000,0x00007f3f72880000,0x00007f3f77d80000)
 ParOldGen       total 823808K, used 17769K [0x00007f3535000000, 0x00007f3567480000, 0x00007f3f35000000)
  object space 823808K, 2% used [0x00007f3535000000,0x00007f353615a5c8,0x00007f3567480000)
 Metaspace       used 34828K, capacity 35277K, committed 35416K, reserved 36864K
}
Event: 2.625 GC heap before
{Heap before GC invocations=4 (full 2):
 PSYoungGen      total 780288K, used 45311K [0x00007f3f35000000, 0x00007f3f7d280000, 0x00007f4435000000)
  eden space 734720K, 0% used [0x00007f3f35000000,0x00007f3f35000000,0x00007f3f61d80000)
  from space 45568K, 99% used [0x00007f3f7a600000,0x00007f3f7d23ffb8,0x00007f3f7d280000)
  to   space 87040K, 0% used [0x00007f3f72880000,0x00007f3f72880000,0x00007f3f77d80000)
 ParOldGen       total 823808K, used 17769K [0x00007f3535000000, 0x00007f3567480000, 0x00007f3f35000000)
  object space 823808K, 2% used [0x00007f3535000000,0x00007f353615a5c8,0x00007f3567480000)
 Metaspace       used 34828K, capacity 35277K, committed 35416K, reserved 36864K
Event: 2.923 GC heap after
Heap after GC invocations=4 (full 2):
 PSYoungGen      total 780288K, used 0K [0x00007f3f35000000, 0x00007f3f7d280000, 0x00007f4435000000)
  eden space 734720K, 0% used [0x00007f3f35000000,0x00007f3f35000000,0x00007f3f61d80000)
  from space 45568K, 0% used [0x00007f3f7a600000,0x00007f3f7a600000,0x00007f3f7d280000)
  to   space 87040K, 0% used [0x00007f3f72880000,0x00007f3f72880000,0x00007f3f77d80000)
 ParOldGen       total 1361408K, used 45437K [0x00007f3535000000, 0x00007f3588180000, 0x00007f3f35000000)
  object space 1361408K, 3% used [0x00007f3535000000,0x00007f3537c5f438,0x00007f3588180000)
 Metaspace       used 34828K, capacity 35277K, committed 35416K, reserved 36864K
}

