# JRE version: Java(TM) SE Runtime Environment (8.0_131-b11) (build 1.8.0_131-b11)
# Java VM: Java HotSpot(TM) 64-Bit Server VM (25.131-b11 mixed mode linux-amd64 compressed oops)
Heap:
 PSYoungGen      total 1136640K, used 482596K [0x00000005c0000000, 0x000000062cf80000, 0x00000007c0000000)
  eden space 1049600K, 39% used [0x00000005c0000000,0x00000005d970ad28,0x0000000600100000)
  from space 87040K, 75% used [0x0000000600100000,0x000000060413e3a8,0x0000000605600000)
  to   space 87040K, 0% used [0x0000000627a80000,0x0000000627a80000,0x000000062cf80000)
 ParOldGen       total 2746368K, used 856980K [0x00000001c0000000, 0x0000000267a00000, 0x00000005c0000000)
  object space 2746368K, 31% used [0x00000001c0000000,0x00000001f44e50a0,0x0000000267a00000)
 Metaspace       used 34830K, capacity 35368K, committed 35456K, reserved 1079296K
  class space    used 4820K, capacity 4937K, committed 4992K, reserved 1048576K
GC Heap History (10 events):
Event: 1.102 GC heap before
{Heap before GC invocations=1 (full 0):
 PSYoungGen      total 611840K, used 341762K [0x00000005c0000000, 0x00000005eaa80000, 0x00000007c0000000)
  eden space 524800K, 65% used [0x00000005c0000000,0x00000005d4dc0bb8,0x00000005e0080000)
  from space 87040K, 0% used [0x00000005e5580000,0x00000005e5580000,0x00000005eaa80000)
  to   space 87040K, 0% used [0x00000005e0080000,0x00000005e0080000,0x00000005e5580000)
 ParOldGen       total 1398272K, used 0K [0x00000001c0000000, 0x0000000215580000, 0x00000005c0000000)
  object space 1398272K, 0% used [0x00000001c0000000,0x00000001c0000000,0x0000000215580000)
 Metaspace       used 20783K, capacity 21000K, committed 21248K, reserved 1067008K
  class space    used 2951K, capacity 3028K, committed 3072K, reserved 1048576K
Event: 1.128 GC heap after
Heap after GC invocations=1 (full 0):
 PSYoungGen      total 611840K, used 35156K [0x00000005c0000000, 0x000000060ab00000, 0x00000007c0000000)
  eden space 524800K, 0% used [0x00000005c0000000,0x00000005c0000000,0x00000005e0080000)
  from space 87040K, 40% used [0x00000005e0080000,0x00000005e22d52c0,0x00000005e5580000)
  to   space 87040K, 0% used [0x0000000605600000,0x0000000605600000,0x000000060ab00000)
 ParOldGen       total 1398272K, used 88K [0x00000001c0000000, 0x0000000215580000, 0x00000005c0000000)
  object space 1398272K, 0% used [0x00000001c0000000,0x00000001c0016028,0x0000000215580000)
 Metaspace       used 20783K, capacity 21000K, committed 21248K, reserved 1067008K
  class space    used 2951K, capacity 3028K, committed 3072K, reserved 1048576K
}
Event: 1.128 GC heap before
{Heap before GC invocations=2 (full 1):
 PSYoungGen      total 611840K, used 35156K [0x00000005c0000000, 0x000000060ab00000, 0x00000007c0000000)
  eden space 524800K, 0% used [0x00000005c0000000,0x00000005c0000000,0x00000005e0080000)
  from space 87040K, 40% used [0x00000005e0080000,0x00000005e22d52c0,0x00000005e5580000)
  to   space 87040K, 0% used [0x0000000605600000,0x0000000605600000,0x000000060ab00000)
 ParOldGen       total 1398272K, used 88K [0x00000001c0000000, 0x0000000215580000, 0x00000005c0000000)
  object space 1398272K, 0% used [0x00000001c0000000,0x00000001c0016028,0x0000000215580000)
 Metaspace       used 20783K, capacity 21000K, committed 21248K, reserved 1067008K
  class space    used 2951K, capacity 3028K, committed 3072K, reserved 1048576K
Event: 1.155 GC heap after
Heap after GC invocations=2 (full 1):
 PSYoungGen      total 611840K, used 0K [0x00000005c0000000, 0x000000060ab00000, 0x00000007c0000000)
  eden space 524800K, 0% used [0x00000005c0000000,0x00000005c0000000,0x00000005e0080000)
  from space 87040K, 0% used [0x00000005e0080000,0x00000005e0080000,0x00000005e5580000)
  to   space 87040K, 0% used [0x0000000605600000,0x0000000605600000,0x000000060ab00000)
 ParOldGen       total 832512K, used 34421K [0x00000001c0000000, 0x00000001f2d00000, 0x00000005c0000000)
  object space 832512K, 4% used [0x00000001c0000000,0x00000001c219d7e8,0x00000001f2d00000)
 Metaspace       used 20783K, capacity 21000K, committed 21248K, reserved 1067008K
  class space    used 2951K, capacity 3028K, committed 3072K, reserved 1048576K
}
Event: 3.744 GC heap before
{Heap before GC invocations=3 (full 1):
 PSYoungGen      total 611840K, used 524800K [0x00000005c0000000, 0x000000060ab00000, 0x00000007c0000000)
  eden space 524800K, 100% used [0x00000005c0000000,0x00000005e0080000,0x00000005e0080000)
  from space 87040K, 0% used [0x00000005e0080000,0x00000005e0080000,0x00000005e5580000)
  to   space 87040K, 0% used [0x0000000605600000,0x0000000605600000,0x000000060ab00000)
 ParOldGen       total 832512K, used 34421K [0x00000001c0000000, 0x00000001f2d00000, 0x00000005c0000000)
  object space 832512K, 4% used [0x00000001c0000000,0x00000001c219d7e8,0x00000001f2d00000)
 Metaspace       used 33623K, capacity 34080K, committed 34304K, reserved 1079296K
  class space    used 4687K, capacity 4813K, committed 4864K, reserved 1048576K
Event: 3.902 GC heap after
Heap after GC invocations=3 (full 1):
 PSYoungGen      total 938496K, used 87013K [0x00000005c0000000, 0x000000060ab00000, 0x00000007c0000000)
  eden space 851456K, 0% used [0x00000005c0000000,0x00000005c0000000,0x00000005f3f80000)
  from space 87040K, 99% used [0x0000000605600000,0x000000060aaf94b0,0x000000060ab00000)
  to   space 87040K, 0% used [0x0000000600100000,0x0000000600100000,0x0000000605600000)
 ParOldGen       total 832512K, used 209781K [0x00000001c0000000, 0x00000001f2d00000, 0x00000005c0000000)
  object space 832512K, 25% used [0x00000001c0000000,0x00000001cccdd5f0,0x00000001f2d00000)
 Metaspace       used 33623K, capacity 34080K, committed 34304K, reserved 1079296K
  class space    used 4687K, capacity 4813K, committed 4864K, reserved 1048576K
}
Event: 4.492 GC heap before
{Heap before GC invocations=4 (full 1):
 PSYoungGen      total 938496K, used 938200K [0x00000005c0000000, 0x000000060ab00000, 0x00000007c0000000)
  eden space 851456K, 99% used [0x00000005c0000000,0x00000005f3f3cba8,0x00000005f3f80000)
  from space 87040K, 99% used [0x0000000605600000,0x000000060aaf94b0,0x000000060ab00000)
  to   space 87040K, 0% used [0x0000000600100000,0x0000000600100000,0x0000000605600000)
 ParOldGen       total 832512K, used 209781K [0x00000001c0000000, 0x00000001f2d00000, 0x00000005c0000000)
  object space 832512K, 25% used [0x00000001c0000000,0x00000001cccdd5f0,0x00000001f2d00000)
 Metaspace       used 33918K, capacity 34432K, committed 34560K, reserved 1079296K
  class space    used 4716K, capacity 4845K, committed 4864K, reserved 1048576K
Event: 5.138 GC heap after
Heap after GC invocations=4 (full 1):
 PSYoungGen      total 1136640K, used 87013K [0x00000005c0000000, 0x000000062cf80000, 0x00000007c0000000)
  eden space 1049600K, 0% used [0x00000005c0000000,0x00000005c0000000,0x0000000600100000)
  from space 87040K, 99% used [0x0000000600100000,0x00000006055f94f0,0x0000000605600000)
  to   space 87040K, 0% used [0x0000000627a80000,0x0000000627a80000,0x000000062cf80000)
 ParOldGen       total 860672K, used 860022K [0x00000001c0000000, 0x00000001f4880000, 0x00000005c0000000)
  object space 860672K, 99% used [0x00000001c0000000,0x00000001f47ddbc8,0x00000001f4880000)
 Metaspace       used 33918K, capacity 34432K, committed 34560K, reserved 1079296K
  class space    used 4716K, capacity 4845K, committed 4864K, reserved 1048576K
}
Event: 5.138 GC heap before
{Heap before GC invocations=5 (full 2):
 PSYoungGen      total 1136640K, used 87013K [0x00000005c0000000, 0x000000062cf80000, 0x00000007c0000000)
  eden space 1049600K, 0% used [0x00000005c0000000,0x00000005c0000000,0x0000000600100000)
  from space 87040K, 99% used [0x0000000600100000,0x00000006055f94f0,0x0000000605600000)
  to   space 87040K, 0% used [0x0000000627a80000,0x0000000627a80000,0x000000062cf80000)
 ParOldGen       total 860672K, used 860022K [0x00000001c0000000, 0x00000001f4880000, 0x00000005c0000000)
  object space 860672K, 99% used [0x00000001c0000000,0x00000001f47ddbc8,0x00000001f4880000)
 Metaspace       used 33918K, capacity 34432K, committed 34560K, reserved 1079296K
  class space    used 4716K, capacity 4845K, committed 4864K, reserved 1048576K
Event: 6.826 GC heap after
Heap after GC invocations=5 (full 2):
 PSYoungGen      total 1136640K, used 65784K [0x00000005c0000000, 0x000000062cf80000, 0x00000007c0000000)
  eden space 1049600K, 0% used [0x00000005c0000000,0x00000005c0000000,0x0000000600100000)
  from space 87040K, 75% used [0x0000000600100000,0x000000060413e3a8,0x0000000605600000)
  to   space 87040K, 0% used [0x0000000627a80000,0x0000000627a80000,0x000000062cf80000)
 ParOldGen       total 2746368K, used 856980K [0x00000001c0000000, 0x0000000267a00000, 0x00000005c0000000)
  object space 2746368K, 31% used [0x00000001c0000000,0x00000001f44e50a0,0x0000000267a00000)
 Metaspace       used 33835K, capacity 34300K, committed 34560K, reserved 1079296K
  class space    used 4704K, capacity 4823K, committed 4864K, reserved 1048576K
}

